<?xml version="1.0" encoding="UTF-8"?>
<!-- Generated by org.testng.reporters.JUnitXMLReporter -->
<testsuite hostname="DESKTOP-SSA0485" ignored="0" tests="4" failures="0" timestamp="2020-09-11T10:53:26 IST" time="70.336" errors="0">
  <testcase name="launchAndroidSamsungTabS6" time="47.797" classname="BrowserStackAndroid"/>
  <testcase name="launchAndroidGooglePixel3Xl" time="48.102" classname="BrowserStackAndroid"/>
  <testcase name="launchAndroidMotorolaG7" time="53.227" classname="BrowserStackAndroid"/>
  <testcase name="launchAndroidSamsungGalaxys8Plus" time="70.174" classname="BrowserStackAndroid"/>
</testsuite>
