<?xml version="1.0" encoding="UTF-8"?>
<!-- Generated by org.testng.reporters.JUnitXMLReporter -->
<testsuite hostname="DESKTOP-SSA0485" ignored="0" tests="4" failures="0" timestamp="2020-09-11T11:40:27 IST" time="70.884" errors="0">
  <testcase name="launchAndroidSamsungTabS6" time="45.461" classname="BrowserStackAndroid"/>
  <testcase name="launchAndroidGooglePixel3Xl" time="46.269" classname="BrowserStackAndroid"/>
  <testcase name="launchAndroidMotorolaG7" time="55.145" classname="BrowserStackAndroid"/>
  <testcase name="launchAndroidSamsungGalaxys8Plus" time="70.827" classname="BrowserStackAndroid"/>
</testsuite>
