<?xml version="1.0" encoding="UTF-8"?>
<testng-results skipped="0" failed="0" ignored="0" total="4" passed="4">
  <reporter-output>
  </reporter-output>
  <suite name="Suite" duration-ms="70884" started-at="2020-09-11T11:39:16 IST" finished-at="2020-09-11T11:40:27 IST">
    <groups>
    </groups>
    <test name="Test" duration-ms="70884" started-at="2020-09-11T11:39:16 IST" finished-at="2020-09-11T11:40:27 IST">
      <class name="BrowserStackAndroid">
        <test-method status="PASS" signature="launchAndroidSamsungGalaxys8Plus()[pri:0, instance:BrowserStackAndroid@5e853265]" name="launchAndroidSamsungGalaxys8Plus" duration-ms="70827" started-at="2020-09-11T11:39:16 IST" finished-at="2020-09-11T11:40:27 IST">
          <reporter-output>
          </reporter-output>
        </test-method> <!-- launchAndroidSamsungGalaxys8Plus -->
        <test-method status="PASS" signature="launchAndroidMotorolaG7()[pri:0, instance:BrowserStackAndroid@5e853265]" name="launchAndroidMotorolaG7" duration-ms="55145" started-at="2020-09-11T11:39:16 IST" finished-at="2020-09-11T11:40:11 IST">
          <reporter-output>
          </reporter-output>
        </test-method> <!-- launchAndroidMotorolaG7 -->
        <test-method status="PASS" signature="launchAndroidGooglePixel3Xl()[pri:0, instance:BrowserStackAndroid@5e853265]" name="launchAndroidGooglePixel3Xl" duration-ms="46269" started-at="2020-09-11T11:39:16 IST" finished-at="2020-09-11T11:40:03 IST">
          <reporter-output>
          </reporter-output>
        </test-method> <!-- launchAndroidGooglePixel3Xl -->
        <test-method status="PASS" signature="launchAndroidSamsungTabS6()[pri:0, instance:BrowserStackAndroid@5e853265]" name="launchAndroidSamsungTabS6" duration-ms="45461" started-at="2020-09-11T11:39:16 IST" finished-at="2020-09-11T11:40:02 IST">
          <reporter-output>
          </reporter-output>
        </test-method> <!-- launchAndroidSamsungTabS6 -->
      </class> <!-- BrowserStackAndroid -->
    </test> <!-- Test -->
  </suite> <!-- Suite -->
</testng-results>
